<?xml version="1.0" encoding="UTF-8"?>
<!-- Generated by org.testng.reporters.JUnitReportReporter -->
<testsuite skipped="0" hostname="DESKTOP-MNRCE6M" name="xero.DriverScript" tests="1" failures="0" timestamp="21 Oct 2018 06:53:49 GMT" time="30.234" errors="0">
  <testcase name="mainMethod" time="30.234" classname="xero.DriverScript"/>
</testsuite> <!-- xero.DriverScript -->
