<?xml version="1.0" encoding="UTF-8"?>
<!-- Generated by org.testng.reporters.JUnitReportReporter -->
<testsuite skipped="0" hostname="DESKTOP-MNRCE6M" name="xero.DriverScriptTest" tests="1" failures="0" timestamp="21 Oct 2018 23:54:49 GMT" time="146.412" errors="0">
  <testcase name="mainMethod" time="146.412" classname="xero.DriverScriptTest"/>
</testsuite> <!-- xero.DriverScriptTest -->
